<?xml version="1.0" encoding="UTF-8"?>
<testng-results ignored="0" total="1" passed="1" failed="0" skipped="0">
  <reporter-output>
  </reporter-output>
  <suite started-at="2018-10-08T02:49:32Z" name="Default suite" finished-at="2018-10-08T02:50:01Z" duration-ms="29144">
    <groups>
    </groups>
    <test started-at="2018-10-08T02:49:32Z" name="Default test" finished-at="2018-10-08T02:50:01Z" duration-ms="29144">
      <class name="report.ExtentReportsWithScreenshots">
        <test-method is-config="true" signature="beforeclass()[pri:0, instance:report.ExtentReportsWithScreenshots@1d8bd0de]" started-at="2018-10-08T02:49:32Z" name="beforeclass" finished-at="2018-10-08T02:49:45Z" duration-ms="13453" status="PASS">
          <reporter-output>
          </reporter-output>
        </test-method> <!-- beforeclass -->
        <test-method signature="loginFlipkart()[pri:0, instance:report.ExtentReportsWithScreenshots@1d8bd0de]" started-at="2018-10-08T02:49:45Z" name="loginFlipkart" finished-at="2018-10-08T02:50:00Z" duration-ms="14596" status="PASS">
          <reporter-output>
          </reporter-output>
        </test-method> <!-- loginFlipkart -->
        <test-method is-config="true" signature="closing()[pri:0, instance:report.ExtentReportsWithScreenshots@1d8bd0de]" started-at="2018-10-08T02:50:00Z" name="closing" finished-at="2018-10-08T02:50:01Z" duration-ms="1029" status="PASS">
          <reporter-output>
          </reporter-output>
        </test-method> <!-- closing -->
      </class> <!-- report.ExtentReportsWithScreenshots -->
    </test> <!-- Default test -->
  </suite> <!-- Default suite -->
</testng-results>
